app/build/intermediates/manifest_merge_blame_file/debug/processDebugMainManifest/manifest-merger-blame-debug-report.txt
1<?xml version="1.0" encoding="utf-8"?>
2<manifest xmlns:android="http://schemas.android.com/apk/res/android"
3    package="com.example.smartfoods"
4    android:versionCode="1"
5    android:versionName="1.0" > <!-- Closing application tag is added here -->
6    <uses-sdk
7        android:minSdkVersion="21"
8        android:targetSdkVersion="33" />
9
10    <uses-feature android:name="android.hardware.camera" />
10-->src\main\AndroidManifest.xml:5:5-60
10-->src\main\AndroidManifest.xml:5:19-57
11
12    <uses-permission android:name="android.permission.CAMERA" />
12-->src\main\AndroidManifest.xml:7:5-65
12-->src\main\AndroidManifest.xml:7:22-62
13
14    <permission
14-->[androidx.core:core:1.13.0] AndroidManifest.xml:22:5-24:47
15        android:name="com.example.smartfoods.DYNAMIC_RECEIVER_NOT_EXPORTED_PERMISSION"
15-->[androidx.core:core:1.13.0] AndroidManifest.xml:23:9-81
16        android:protectionLevel="signature" />
16-->[androidx.core:core:1.13.0] AndroidManifest.xml:24:9-44
17
18    <uses-permission android:name="com.example.smartfoods.DYNAMIC_RECEIVER_NOT_EXPORTED_PERMISSION" />
18-->[androidx.core:core:1.13.0] AndroidManifest.xml:26:5-97
18-->[androidx.core:core:1.13.0] AndroidManifest.xml:26:22-94
19
20    <application
20-->src\main\AndroidManifest.xml:9:5-39:19
21        android:allowBackup="true"
21-->src\main\AndroidManifest.xml:11:9-35
22        android:appComponentFactory="androidx.core.app.CoreComponentFactory"
22-->[androidx.core:core:1.13.0] AndroidManifest.xml:28:18-86
23        android:debuggable="true"
24        android:extractNativeLibs="true"
25        android:hardwareAccelerated="false"
25-->src\main\AndroidManifest.xml:10:9-44
26        android:icon="@mipmap/ic_launcher"
26-->src\main\AndroidManifest.xml:12:9-43
27        android:label="@string/app_name"
27-->src\main\AndroidManifest.xml:13:9-41
28        android:roundIcon="@mipmap/ic_launcher_round"
28-->src\main\AndroidManifest.xml:14:9-54
29        android:supportsRtl="true"
29-->src\main\AndroidManifest.xml:15:9-35
30        android:testOnly="true"
31        android:theme="@style/Theme.AppCompat.Light" >
31-->src\main\AndroidManifest.xml:16:9-53
32        <activity
32-->src\main\AndroidManifest.xml:18:9-20:41
33            android:name="com.example.smartfoods.ocr.OcrCaptureActivity"
33-->src\main\AndroidManifest.xml:19:13-51
34            android:label="Read Text" />
34-->src\main\AndroidManifest.xml:20:13-38
35        <activity android:name="com.example.smartfoods.AfterCaptureActivity" />
35-->src\main\AndroidManifest.xml:22:9-58
35-->src\main\AndroidManifest.xml:22:19-55
36        <activity android:name="com.example.smartfoods.PreferencesActivity" />
36-->src\main\AndroidManifest.xml:24:9-66
36-->src\main\AndroidManifest.xml:24:19-54
37
38        <meta-data
38-->src\main\AndroidManifest.xml:26:9-28:35
39            android:name="com.google.android.gms.vision.DEPENDENCIES"
39-->src\main\AndroidManifest.xml:27:13-70
40            android:value="ocr" />
40-->src\main\AndroidManifest.xml:28:13-32
41
42        <activity
42-->src\main\AndroidManifest.xml:30:9-37:20
43            android:name="com.example.smartfoods.MainActivity"
43-->src\main\AndroidManifest.xml:31:13-41
44            android:exported="true" > <!-- Required for Android 12 and higher -->
44-->src\main\AndroidManifest.xml:32:13-36
45            <intent-filter>
45-->src\main\AndroidManifest.xml:33:13-36:29
46                <action android:name="android.intent.action.MAIN" />
46-->src\main\AndroidManifest.xml:34:17-69
46-->src\main\AndroidManifest.xml:34:25-66
47
48                <category android:name="android.intent.category.LAUNCHER" />
48-->src\main\AndroidManifest.xml:35:17-77
48-->src\main\AndroidManifest.xml:35:27-74
49            </intent-filter>
50        </activity>
51        <activity
51-->[com.google.android.gms:play-services-base:17.4.0] AndroidManifest.xml:23:9-26:75
52            android:name="com.google.android.gms.common.api.GoogleApiActivity"
52-->[com.google.android.gms:play-services-base:17.4.0] AndroidManifest.xml:24:13-79
53            android:exported="false"
53-->[com.google.android.gms:play-services-base:17.4.0] AndroidManifest.xml:25:13-37
54            android:theme="@android:style/Theme.Translucent.NoTitleBar" />
54-->[com.google.android.gms:play-services-base:17.4.0] AndroidManifest.xml:26:13-72
55
56        <meta-data
56-->[com.google.android.gms:play-services-basement:17.4.0] AndroidManifest.xml:23:9-25:69
57            android:name="com.google.android.gms.version"
57-->[com.google.android.gms:play-services-basement:17.4.0] AndroidManifest.xml:24:13-58
58            android:value="@integer/google_play_services_version" />
58-->[com.google.android.gms:play-services-basement:17.4.0] AndroidManifest.xml:25:13-66
59
60        <provider
60-->[androidx.emoji2:emoji2:1.3.0] AndroidManifest.xml:24:9-32:20
61            android:name="androidx.startup.InitializationProvider"
61-->[androidx.emoji2:emoji2:1.3.0] AndroidManifest.xml:25:13-67
62            android:authorities="com.example.smartfoods.androidx-startup"
62-->[androidx.emoji2:emoji2:1.3.0] AndroidManifest.xml:26:13-68
63            android:exported="false" >
63-->[androidx.emoji2:emoji2:1.3.0] AndroidManifest.xml:27:13-37
64            <meta-data
64-->[androidx.emoji2:emoji2:1.3.0] AndroidManifest.xml:29:13-31:52
65                android:name="androidx.emoji2.text.EmojiCompatInitializer"
65-->[androidx.emoji2:emoji2:1.3.0] AndroidManifest.xml:30:17-75
66                android:value="androidx.startup" />
66-->[androidx.emoji2:emoji2:1.3.0] AndroidManifest.xml:31:17-49
67            <meta-data
67-->[androidx.lifecycle:lifecycle-process:2.6.2] AndroidManifest.xml:29:13-31:52
68                android:name="androidx.lifecycle.ProcessLifecycleInitializer"
68-->[androidx.lifecycle:lifecycle-process:2.6.2] AndroidManifest.xml:30:17-78
69                android:value="androidx.startup" />
69-->[androidx.lifecycle:lifecycle-process:2.6.2] AndroidManifest.xml:31:17-49
70            <meta-data
70-->[androidx.profileinstaller:profileinstaller:1.3.1] AndroidManifest.xml:29:13-31:52
71                android:name="androidx.profileinstaller.ProfileInstallerInitializer"
71-->[androidx.profileinstaller:profileinstaller:1.3.1] AndroidManifest.xml:30:17-85
72                android:value="androidx.startup" />
72-->[androidx.profileinstaller:profileinstaller:1.3.1] AndroidManifest.xml:31:17-49
73        </provider>
74
75        <receiver
75-->[androidx.profileinstaller:profileinstaller:1.3.1] AndroidManifest.xml:34:9-52:20
76            android:name="androidx.profileinstaller.ProfileInstallReceiver"
76-->[androidx.profileinstaller:profileinstaller:1.3.1] AndroidManifest.xml:35:13-76
77            android:directBootAware="false"
77-->[androidx.profileinstaller:profileinstaller:1.3.1] AndroidManifest.xml:36:13-44
78            android:enabled="true"
78-->[androidx.profileinstaller:profileinstaller:1.3.1] AndroidManifest.xml:37:13-35
79            android:exported="true"
79-->[androidx.profileinstaller:profileinstaller:1.3.1] AndroidManifest.xml:38:13-36
80            android:permission="android.permission.DUMP" >
80-->[androidx.profileinstaller:profileinstaller:1.3.1] AndroidManifest.xml:39:13-57
81            <intent-filter>
81-->[androidx.profileinstaller:profileinstaller:1.3.1] AndroidManifest.xml:40:13-42:29
82                <action android:name="androidx.profileinstaller.action.INSTALL_PROFILE" />
82-->[androidx.profileinstaller:profileinstaller:1.3.1] AndroidManifest.xml:41:17-91
82-->[androidx.profileinstaller:profileinstaller:1.3.1] AndroidManifest.xml:41:25-88
83            </intent-filter>
84            <intent-filter>
84-->[androidx.profileinstaller:profileinstaller:1.3.1] AndroidManifest.xml:43:13-45:29
85                <action android:name="androidx.profileinstaller.action.SKIP_FILE" />
85-->[androidx.profileinstaller:profileinstaller:1.3.1] AndroidManifest.xml:44:17-85
85-->[androidx.profileinstaller:profileinstaller:1.3.1] AndroidManifest.xml:44:25-82
86            </intent-filter>
87            <intent-filter>
87-->[androidx.profileinstaller:profileinstaller:1.3.1] AndroidManifest.xml:46:13-48:29
88                <action android:name="androidx.profileinstaller.action.SAVE_PROFILE" />
88-->[androidx.profileinstaller:profileinstaller:1.3.1] AndroidManifest.xml:47:17-88
88-->[androidx.profileinstaller:profileinstaller:1.3.1] AndroidManifest.xml:47:25-85
89            </intent-filter>
90            <intent-filter>
90-->[androidx.profileinstaller:profileinstaller:1.3.1] AndroidManifest.xml:49:13-51:29
91                <action android:name="androidx.profileinstaller.action.BENCHMARK_OPERATION" />
91-->[androidx.profileinstaller:profileinstaller:1.3.1] AndroidManifest.xml:50:17-95
91-->[androidx.profileinstaller:profileinstaller:1.3.1] AndroidManifest.xml:50:25-92
92            </intent-filter>
93        </receiver>
94    </application>
95
96</manifest>